0 info it worked if it ends with ok
1 verbose cli [
1 verbose cli   'C:\\Program Files\\nodejs\\node.exe',
1 verbose cli   'C:\\Users\\36527\\AppData\\Roaming\\npm\\node_modules\\npm\\bin\\npm-cli.js',
1 verbose cli   'install'
1 verbose cli ]
2 info using npm@3.8.6
3 info using node@v22.16.0
4 silly loadCurrentTree Starting
5 silly install loadCurrentTree
6 silly install readLocalPackageData
7 silly install normalizeTree
8 silly loadCurrentTree Finishing
9 silly loadIdealTree Starting
10 silly install loadIdealTree
11 silly cloneCurrentTree Starting
12 silly install cloneCurrentTreeToIdealTree
13 silly cloneCurrentTree Finishing
14 silly loadShrinkwrap Starting
15 silly install loadShrinkwrap
16 silly loadShrinkwrap Finishing
17 silly loadAllDepsIntoIdealTree Starting
18 silly install loadAllDepsIntoIdealTree
19 silly fetchNamedPackageData vue
20 silly mapToRegistry name vue
21 silly mapToRegistry using default registry
22 silly mapToRegistry registry https://registry.npmjs.org/
23 silly mapToRegistry data Result {
23 silly mapToRegistry   raw: 'vue',
23 silly mapToRegistry   scope: null,
23 silly mapToRegistry   name: 'vue',
23 silly mapToRegistry   rawSpec: '',
23 silly mapToRegistry   spec: 'latest',
23 silly mapToRegistry   type: 'tag'
23 silly mapToRegistry }
24 silly mapToRegistry uri https://registry.npmjs.org/vue
25 silly fetchNamedPackageData vue-router
26 silly mapToRegistry name vue-router
27 silly mapToRegistry using default registry
28 silly mapToRegistry registry https://registry.npmjs.org/
29 silly mapToRegistry data Result {
29 silly mapToRegistry   raw: 'vue-router',
29 silly mapToRegistry   scope: null,
29 silly mapToRegistry   name: 'vue-router',
29 silly mapToRegistry   rawSpec: '',
29 silly mapToRegistry   spec: 'latest',
29 silly mapToRegistry   type: 'tag'
29 silly mapToRegistry }
30 silly mapToRegistry uri https://registry.npmjs.org/vue-router
31 silly fetchNamedPackageData pinia
32 silly mapToRegistry name pinia
33 silly mapToRegistry using default registry
34 silly mapToRegistry registry https://registry.npmjs.org/
35 silly mapToRegistry data Result {
35 silly mapToRegistry   raw: 'pinia',
35 silly mapToRegistry   scope: null,
35 silly mapToRegistry   name: 'pinia',
35 silly mapToRegistry   rawSpec: '',
35 silly mapToRegistry   spec: 'latest',
35 silly mapToRegistry   type: 'tag'
35 silly mapToRegistry }
36 silly mapToRegistry uri https://registry.npmjs.org/pinia
37 silly fetchNamedPackageData axios
38 silly mapToRegistry name axios
39 silly mapToRegistry using default registry
40 silly mapToRegistry registry https://registry.npmjs.org/
41 silly mapToRegistry data Result {
41 silly mapToRegistry   raw: 'axios',
41 silly mapToRegistry   scope: null,
41 silly mapToRegistry   name: 'axios',
41 silly mapToRegistry   rawSpec: '',
41 silly mapToRegistry   spec: 'latest',
41 silly mapToRegistry   type: 'tag'
41 silly mapToRegistry }
42 silly mapToRegistry uri https://registry.npmjs.org/axios
43 silly fetchNamedPackageData element-plus
44 silly mapToRegistry name element-plus
45 silly mapToRegistry using default registry
46 silly mapToRegistry registry https://registry.npmjs.org/
47 silly mapToRegistry data Result {
47 silly mapToRegistry   raw: 'element-plus',
47 silly mapToRegistry   scope: null,
47 silly mapToRegistry   name: 'element-plus',
47 silly mapToRegistry   rawSpec: '',
47 silly mapToRegistry   spec: 'latest',
47 silly mapToRegistry   type: 'tag'
47 silly mapToRegistry }
48 silly mapToRegistry uri https://registry.npmjs.org/element-plus
49 silly fetchNamedPackageData @element-plus/icons-vue
50 silly mapToRegistry name @element-plus/icons-vue
51 silly mapToRegistry scope (from package name) @element-plus
52 verbose mapToRegistry no registry URL found in name for scope @element-plus
53 silly mapToRegistry using default registry
54 silly mapToRegistry registry https://registry.npmjs.org/
55 silly mapToRegistry data Result {
55 silly mapToRegistry   raw: '@element-plus/icons-vue',
55 silly mapToRegistry   scope: '@element-plus',
55 silly mapToRegistry   name: '@element-plus/icons-vue',
55 silly mapToRegistry   rawSpec: '',
55 silly mapToRegistry   spec: 'latest',
55 silly mapToRegistry   type: 'tag'
55 silly mapToRegistry }
56 silly mapToRegistry uri https://registry.npmjs.org/@element-plus%2ficons-vue
57 silly fetchNamedPackageData echarts
58 silly mapToRegistry name echarts
59 silly mapToRegistry using default registry
60 silly mapToRegistry registry https://registry.npmjs.org/
61 silly mapToRegistry data Result {
61 silly mapToRegistry   raw: 'echarts',
61 silly mapToRegistry   scope: null,
61 silly mapToRegistry   name: 'echarts',
61 silly mapToRegistry   rawSpec: '',
61 silly mapToRegistry   spec: 'latest',
61 silly mapToRegistry   type: 'tag'
61 silly mapToRegistry }
62 silly mapToRegistry uri https://registry.npmjs.org/echarts
63 silly fetchNamedPackageData vue-echarts
64 silly mapToRegistry name vue-echarts
65 silly mapToRegistry using default registry
66 silly mapToRegistry registry https://registry.npmjs.org/
67 silly mapToRegistry data Result {
67 silly mapToRegistry   raw: 'vue-echarts',
67 silly mapToRegistry   scope: null,
67 silly mapToRegistry   name: 'vue-echarts',
67 silly mapToRegistry   rawSpec: '',
67 silly mapToRegistry   spec: 'latest',
67 silly mapToRegistry   type: 'tag'
67 silly mapToRegistry }
68 silly mapToRegistry uri https://registry.npmjs.org/vue-echarts
69 silly fetchNamedPackageData dayjs
70 silly mapToRegistry name dayjs
71 silly mapToRegistry using default registry
72 silly mapToRegistry registry https://registry.npmjs.org/
73 silly mapToRegistry data Result {
73 silly mapToRegistry   raw: 'dayjs',
73 silly mapToRegistry   scope: null,
73 silly mapToRegistry   name: 'dayjs',
73 silly mapToRegistry   rawSpec: '',
73 silly mapToRegistry   spec: 'latest',
73 silly mapToRegistry   type: 'tag'
73 silly mapToRegistry }
74 silly mapToRegistry uri https://registry.npmjs.org/dayjs
75 silly fetchNamedPackageData lodash-es
76 silly mapToRegistry name lodash-es
77 silly mapToRegistry using default registry
78 silly mapToRegistry registry https://registry.npmjs.org/
79 silly mapToRegistry data Result {
79 silly mapToRegistry   raw: 'lodash-es',
79 silly mapToRegistry   scope: null,
79 silly mapToRegistry   name: 'lodash-es',
79 silly mapToRegistry   rawSpec: '',
79 silly mapToRegistry   spec: 'latest',
79 silly mapToRegistry   type: 'tag'
79 silly mapToRegistry }
80 silly mapToRegistry uri https://registry.npmjs.org/lodash-es
81 silly fetchNamedPackageData nprogress
82 silly mapToRegistry name nprogress
83 silly mapToRegistry using default registry
84 silly mapToRegistry registry https://registry.npmjs.org/
85 silly mapToRegistry data Result {
85 silly mapToRegistry   raw: 'nprogress',
85 silly mapToRegistry   scope: null,
85 silly mapToRegistry   name: 'nprogress',
85 silly mapToRegistry   rawSpec: '',
85 silly mapToRegistry   spec: 'latest',
85 silly mapToRegistry   type: 'tag'
85 silly mapToRegistry }
86 silly mapToRegistry uri https://registry.npmjs.org/nprogress
87 silly fetchNamedPackageData js-cookie
88 silly mapToRegistry name js-cookie
89 silly mapToRegistry using default registry
90 silly mapToRegistry registry https://registry.npmjs.org/
91 silly mapToRegistry data Result {
91 silly mapToRegistry   raw: 'js-cookie',
91 silly mapToRegistry   scope: null,
91 silly mapToRegistry   name: 'js-cookie',
91 silly mapToRegistry   rawSpec: '',
91 silly mapToRegistry   spec: 'latest',
91 silly mapToRegistry   type: 'tag'
91 silly mapToRegistry }
92 silly mapToRegistry uri https://registry.npmjs.org/js-cookie
93 silly fetchNamedPackageData @vueuse/core
94 silly mapToRegistry name @vueuse/core
95 silly mapToRegistry scope (from package name) @vueuse
96 verbose mapToRegistry no registry URL found in name for scope @vueuse
97 silly mapToRegistry using default registry
98 silly mapToRegistry registry https://registry.npmjs.org/
99 silly mapToRegistry data Result {
99 silly mapToRegistry   raw: '@vueuse/core',
99 silly mapToRegistry   scope: '@vueuse',
99 silly mapToRegistry   name: '@vueuse/core',
99 silly mapToRegistry   rawSpec: '',
99 silly mapToRegistry   spec: 'latest',
99 silly mapToRegistry   type: 'tag'
99 silly mapToRegistry }
100 silly mapToRegistry uri https://registry.npmjs.org/@vueuse%2fcore
101 silly fetchNamedPackageData video.js
102 silly mapToRegistry name video.js
103 silly mapToRegistry using default registry
104 silly mapToRegistry registry https://registry.npmjs.org/
105 silly mapToRegistry data Result {
105 silly mapToRegistry   raw: 'video.js',
105 silly mapToRegistry   scope: null,
105 silly mapToRegistry   name: 'video.js',
105 silly mapToRegistry   rawSpec: '',
105 silly mapToRegistry   spec: 'latest',
105 silly mapToRegistry   type: 'tag'
105 silly mapToRegistry }
106 silly mapToRegistry uri https://registry.npmjs.org/video.js
107 silly fetchNamedPackageData videojs-contrib-hls
108 silly mapToRegistry name videojs-contrib-hls
109 silly mapToRegistry using default registry
110 silly mapToRegistry registry https://registry.npmjs.org/
111 silly mapToRegistry data Result {
111 silly mapToRegistry   raw: 'videojs-contrib-hls',
111 silly mapToRegistry   scope: null,
111 silly mapToRegistry   name: 'videojs-contrib-hls',
111 silly mapToRegistry   rawSpec: '',
111 silly mapToRegistry   spec: 'latest',
111 silly mapToRegistry   type: 'tag'
111 silly mapToRegistry }
112 silly mapToRegistry uri https://registry.npmjs.org/videojs-contrib-hls
113 verbose request uri https://registry.npmjs.org/vue
114 verbose request no auth needed
115 info attempt registry request try #1 at 16:33:16
116 verbose request id ca9989f6aaf5e9a9
117 http request GET https://registry.npmjs.org/vue
118 verbose request uri https://registry.npmjs.org/pinia
119 verbose request no auth needed
120 info attempt registry request try #1 at 16:33:16
121 http request GET https://registry.npmjs.org/pinia
122 verbose request uri https://registry.npmjs.org/axios
123 verbose request no auth needed
124 info attempt registry request try #1 at 16:33:16
125 http request GET https://registry.npmjs.org/axios
126 verbose request uri https://registry.npmjs.org/element-plus
127 verbose request no auth needed
128 info attempt registry request try #1 at 16:33:16
129 http request GET https://registry.npmjs.org/element-plus
130 verbose request uri https://registry.npmjs.org/@element-plus%2ficons-vue
131 verbose request no auth needed
132 info attempt registry request try #1 at 16:33:16
133 http request GET https://registry.npmjs.org/@element-plus%2ficons-vue
134 verbose request uri https://registry.npmjs.org/echarts
135 verbose request no auth needed
136 info attempt registry request try #1 at 16:33:16
137 http request GET https://registry.npmjs.org/echarts
138 verbose request uri https://registry.npmjs.org/vue-echarts
139 verbose request no auth needed
140 info attempt registry request try #1 at 16:33:16
141 http request GET https://registry.npmjs.org/vue-echarts
142 verbose request uri https://registry.npmjs.org/dayjs
143 verbose request no auth needed
144 info attempt registry request try #1 at 16:33:16
145 http request GET https://registry.npmjs.org/dayjs
146 verbose request uri https://registry.npmjs.org/lodash-es
147 verbose request no auth needed
148 info attempt registry request try #1 at 16:33:16
149 http request GET https://registry.npmjs.org/lodash-es
150 verbose request uri https://registry.npmjs.org/nprogress
151 verbose request no auth needed
152 info attempt registry request try #1 at 16:33:16
153 http request GET https://registry.npmjs.org/nprogress
154 verbose request uri https://registry.npmjs.org/js-cookie
155 verbose request no auth needed
156 info attempt registry request try #1 at 16:33:16
157 http request GET https://registry.npmjs.org/js-cookie
158 verbose request uri https://registry.npmjs.org/@vueuse%2fcore
159 verbose request no auth needed
160 info attempt registry request try #1 at 16:33:16
161 http request GET https://registry.npmjs.org/@vueuse%2fcore
162 verbose request uri https://registry.npmjs.org/video.js
163 verbose request no auth needed
164 info attempt registry request try #1 at 16:33:16
165 http request GET https://registry.npmjs.org/video.js
166 verbose request uri https://registry.npmjs.org/videojs-contrib-hls
167 verbose request no auth needed
168 info attempt registry request try #1 at 16:33:16
169 http request GET https://registry.npmjs.org/videojs-contrib-hls
170 verbose request uri https://registry.npmjs.org/vue-router
171 verbose request no auth needed
172 info attempt registry request try #1 at 16:33:16
173 verbose etag W/"6dce986b1a51487804f3cd7ac4c46b3a"
174 verbose lastModified Fri, 25 Apr 2025 13:03:03 GMT
175 http request GET https://registry.npmjs.org/vue-router
176 http 200 https://registry.npmjs.org/nprogress
177 verbose headers {
177 verbose headers   date: 'Fri, 20 Jun 2025 08:33:16 GMT',
177 verbose headers   'content-type': 'application/json',
177 verbose headers   'transfer-encoding': 'chunked',
177 verbose headers   connection: 'keep-alive',
177 verbose headers   'cf-ray': '9529eba10b9afdb7-SIN',
177 verbose headers   'cf-cache-status': 'HIT',
177 verbose headers   'access-control-allow-origin': '*',
177 verbose headers   age: '172',
177 verbose headers   'cache-control': 'public, max-age=300',
177 verbose headers   etag: 'W/"3c9c0101f88da5d43d5b08388588ac02"',
177 verbose headers   'last-modified': 'Sun, 20 Aug 2023 09:45:06 GMT',
177 verbose headers   vary: 'accept-encoding, accept',
177 verbose headers   'set-cookie': [
177 verbose headers     '_cfuvid=fQX6ysyyOAfXKa5kS2b9ak0rDsbU2hSC96ywSUcYXUM-1750408396986-0.0.1.1-604800000; path=/; domain=.npmjs.org; HttpOnly; Secure; SameSite=None'
177 verbose headers   ],
177 verbose headers   server: 'cloudflare',
177 verbose headers   'content-encoding': 'gzip'
177 verbose headers }
178 silly get cb [
178 silly get   200,
178 silly get   {
178 silly get     date: 'Fri, 20 Jun 2025 08:33:16 GMT',
178 silly get     'content-type': 'application/json',
178 silly get     'transfer-encoding': 'chunked',
178 silly get     connection: 'keep-alive',
178 silly get     'cf-ray': '9529eba10b9afdb7-SIN',
178 silly get     'cf-cache-status': 'HIT',
178 silly get     'access-control-allow-origin': '*',
178 silly get     age: '172',
178 silly get     'cache-control': 'public, max-age=300',
178 silly get     etag: 'W/"3c9c0101f88da5d43d5b08388588ac02"',
178 silly get     'last-modified': 'Sun, 20 Aug 2023 09:45:06 GMT',
178 silly get     vary: 'accept-encoding, accept',
178 silly get     'set-cookie': [
178 silly get       '_cfuvid=fQX6ysyyOAfXKa5kS2b9ak0rDsbU2hSC96ywSUcYXUM-1750408396986-0.0.1.1-604800000; path=/; domain=.npmjs.org; HttpOnly; Secure; SameSite=None'
178 silly get     ],
178 silly get     server: 'cloudflare',
178 silly get     'content-encoding': 'gzip'
178 silly get   }
178 silly get ]
179 verbose get saving nprogress to C:\Users\36527\AppData\Roaming\npm-cache\registry.npmjs.org\nprogress\.cache.json
180 verbose correctMkdir C:\Users\36527\AppData\Roaming\npm-cache correctMkdir not in flight; initializing
181 silly resolveWithNewModule nprogress@0.2.0 checking installable status
182 silly cache add args [ 'nprogress@^0.2.0', null ]
183 verbose cache add spec nprogress@^0.2.0
184 silly cache add parsed spec Result {
184 silly cache add   raw: 'nprogress@^0.2.0',
184 silly cache add   scope: null,
184 silly cache add   name: 'nprogress',
184 silly cache add   rawSpec: '^0.2.0',
184 silly cache add   spec: '>=0.2.0 <0.3.0',
184 silly cache add   type: 'range'
184 silly cache add }
185 silly addNamed nprogress@>=0.2.0 <0.3.0
186 verbose addNamed ">=0.2.0 <0.3.0" is a valid semver range for nprogress
187 silly addNameRange { name: 'nprogress', range: '>=0.2.0 <0.3.0', hasData: false }
188 silly mapToRegistry name nprogress
189 silly mapToRegistry using default registry
190 silly mapToRegistry registry https://registry.npmjs.org/
191 silly mapToRegistry data Result {
191 silly mapToRegistry   raw: 'nprogress',
191 silly mapToRegistry   scope: null,
191 silly mapToRegistry   name: 'nprogress',
191 silly mapToRegistry   rawSpec: '',
191 silly mapToRegistry   spec: 'latest',
191 silly mapToRegistry   type: 'tag'
191 silly mapToRegistry }
192 silly mapToRegistry uri https://registry.npmjs.org/nprogress
193 verbose addNameRange registry:https://registry.npmjs.org/nprogress not in flight; fetching
194 verbose get https://registry.npmjs.org/nprogress not expired, no request
195 silly addNameRange number 2 { name: 'nprogress', range: '>=0.2.0 <0.3.0', hasData: true }
196 silly addNameRange versions [
196 silly addNameRange   'nprogress',
196 silly addNameRange   [ '0.1.4', '0.1.5', '0.1.6', '0.2.0', '1.0.0-0', '1.0.0-1' ]
196 silly addNameRange ]
197 silly addNamed nprogress@0.2.0
198 verbose addNamed "0.2.0" is a plain semver version for nprogress
199 http 304 https://registry.npmjs.org/vue-router
200 verbose headers {
200 verbose headers   date: 'Fri, 20 Jun 2025 08:33:17 GMT',
200 verbose headers   connection: 'keep-alive',
200 verbose headers   'cf-ray': '9529eba128ffc6f6-SIN',
200 verbose headers   'cf-cache-status': 'HIT',
200 verbose headers   'access-control-allow-origin': '*',
200 verbose headers   age: '25',
200 verbose headers   'cache-control': 'public, max-age=300',
200 verbose headers   etag: '"6dce986b1a51487804f3cd7ac4c46b3a"',
200 verbose headers   'last-modified': 'Fri, 25 Apr 2025 13:03:03 GMT',
200 verbose headers   vary: 'Accept-Encoding',
200 verbose headers   'set-cookie': [
200 verbose headers     '_cfuvid=BMV4EV04aDLGUM8IZrg6bavWjuwm1toaZEbZjXZysho-1750408397005-0.0.1.1-604800000; path=/; domain=.npmjs.org; HttpOnly; Secure; SameSite=None'
200 verbose headers   ],
200 verbose headers   server: 'cloudflare'
200 verbose headers }
201 silly get cb [
201 silly get   304,
201 silly get   {
201 silly get     date: 'Fri, 20 Jun 2025 08:33:17 GMT',
201 silly get     connection: 'keep-alive',
201 silly get     'cf-ray': '9529eba128ffc6f6-SIN',
201 silly get     'cf-cache-status': 'HIT',
201 silly get     'access-control-allow-origin': '*',
201 silly get     age: '25',
201 silly get     'cache-control': 'public, max-age=300',
201 silly get     etag: '"6dce986b1a51487804f3cd7ac4c46b3a"',
201 silly get     'last-modified': 'Fri, 25 Apr 2025 13:03:03 GMT',
201 silly get     vary: 'Accept-Encoding',
201 silly get     'set-cookie': [
201 silly get       '_cfuvid=BMV4EV04aDLGUM8IZrg6bavWjuwm1toaZEbZjXZysho-1750408397005-0.0.1.1-604800000; path=/; domain=.npmjs.org; HttpOnly; Secure; SameSite=None'
201 silly get     ],
201 silly get     server: 'cloudflare'
201 silly get   }
201 silly get ]
202 verbose etag https://registry.npmjs.org/vue-router from cache
203 verbose get saving vue-router to C:\Users\36527\AppData\Roaming\npm-cache\registry.npmjs.org\vue-router\.cache.json
204 verbose correctMkdir C:\Users\36527\AppData\Roaming\npm-cache correctMkdir not in flight; initializing
205 silly mapToRegistry name nprogress
206 silly mapToRegistry using default registry
207 silly mapToRegistry registry https://registry.npmjs.org/
208 silly mapToRegistry data Result {
208 silly mapToRegistry   raw: 'nprogress',
208 silly mapToRegistry   scope: null,
208 silly mapToRegistry   name: 'nprogress',
208 silly mapToRegistry   rawSpec: '',
208 silly mapToRegistry   spec: 'latest',
208 silly mapToRegistry   type: 'tag'
208 silly mapToRegistry }
209 silly mapToRegistry uri https://registry.npmjs.org/nprogress
210 verbose addRemoteTarball https://registry.npmjs.org/nprogress/-/nprogress-0.2.0.tgz not in flight; adding
211 verbose addRemoteTarball [
211 verbose addRemoteTarball   'https://registry.npmjs.org/nprogress/-/nprogress-0.2.0.tgz',
211 verbose addRemoteTarball   'cb8f34c53213d895723fcbab907e9422adbcafb1'
211 verbose addRemoteTarball ]
212 info retry fetch attempt 1 at 16:33:17
213 info attempt registry request try #1 at 16:33:17
214 http fetch GET https://registry.npmjs.org/nprogress/-/nprogress-0.2.0.tgz
215 silly resolveWithNewModule vue-router@4.5.1 checking installable status
216 silly cache add args [ 'vue-router@^4.2.5', null ]
217 verbose cache add spec vue-router@^4.2.5
218 silly cache add parsed spec Result {
218 silly cache add   raw: 'vue-router@^4.2.5',
218 silly cache add   scope: null,
218 silly cache add   name: 'vue-router',
218 silly cache add   rawSpec: '^4.2.5',
218 silly cache add   spec: '>=4.2.5 <5.0.0',
218 silly cache add   type: 'range'
218 silly cache add }
219 silly addNamed vue-router@>=4.2.5 <5.0.0
220 verbose addNamed ">=4.2.5 <5.0.0" is a valid semver range for vue-router
221 silly addNameRange { name: 'vue-router', range: '>=4.2.5 <5.0.0', hasData: false }
222 silly mapToRegistry name vue-router
223 silly mapToRegistry using default registry
224 silly mapToRegistry registry https://registry.npmjs.org/
225 silly mapToRegistry data Result {
225 silly mapToRegistry   raw: 'vue-router',
225 silly mapToRegistry   scope: null,
225 silly mapToRegistry   name: 'vue-router',
225 silly mapToRegistry   rawSpec: '',
225 silly mapToRegistry   spec: 'latest',
225 silly mapToRegistry   type: 'tag'
225 silly mapToRegistry }
226 silly mapToRegistry uri https://registry.npmjs.org/vue-router
227 verbose addNameRange registry:https://registry.npmjs.org/vue-router not in flight; fetching
228 verbose get https://registry.npmjs.org/vue-router not expired, no request
229 silly addNameRange number 2 { name: 'vue-router', range: '>=4.2.5 <5.0.0', hasData: true }
230 silly addNameRange versions [
230 silly addNameRange   'vue-router',
230 silly addNameRange   [
230 silly addNameRange     '0.4.0',          '0.5.0',          '0.5.1',          '0.5.2',
230 silly addNameRange     '0.6.0',          '0.6.1',          '0.6.2',          '0.7.0',
230 silly addNameRange     '0.7.1',          '0.7.2',          '0.7.3',          '0.7.4',
230 silly addNameRange     '0.7.5',          '0.7.6',          '0.7.7',          '0.7.8',
230 silly addNameRange     '0.7.9',          '0.7.10',         '0.7.11',         '0.7.12',
230 silly addNameRange     '0.7.13',         '2.0.0-beta.1',   '2.0.0-beta.2',   '2.0.0-beta.3',
230 silly addNameRange     '2.0.0-beta.4',   '2.0.0-rc.1',     '2.0.0-rc.2',     '2.0.0-rc.3',
230 silly addNameRange     '2.0.0-rc.4',     '2.0.0-rc.5',     '2.0.0-rc.6',     '2.0.0-rc.7',
230 silly addNameRange     '2.0.0',          '2.0.1',          '2.0.2',          '2.0.3',
230 silly addNameRange     '2.1.0',          '2.1.1',          '2.1.2',          '2.1.3',
230 silly addNameRange     '2.2.0',          '2.2.1',          '2.3.0',          '2.3.1',
230 silly addNameRange     '2.4.0',          '2.5.0',          '2.5.1',          '2.5.2',
230 silly addNameRange     '2.5.3',          '2.6.0',          '2.7.0',          '2.8.0',
230 silly addNameRange     '3.0.0',          '2.8.1',          '3.0.1',          '3.0.2',
230 silly addNameRange     '3.0.3',          '3.0.4',          '3.0.5',          '3.0.6',
230 silly addNameRange     '3.0.7',          '3.1.0',          '3.1.1',          '3.1.2',
230 silly addNameRange     '3.1.3',          '3.1.4',          '3.1.5',          '4.0.0-alpha.0',
230 silly addNameRange     '3.1.6',          '4.0.0-alpha.1',  '4.0.0-alpha.2',  '4.0.0-alpha.3',
230 silly addNameRange     '4.0.0-alpha.4',  '4.0.0-alpha.5',  '4.0.0-alpha.6',  '4.0.0-alpha.7',
230 silly addNameRange     '4.0.0-alpha.8',  '4.0.0-alpha.9',  '4.0.0-alpha.10', '4.0.0-alpha.11',
230 silly addNameRange     '3.2.0',          '4.0.0-alpha.12', '3.3.0',          '3.3.1',
230 silly addNameRange     '3.3.2',          '3.3.3',          '3.3.4',          '4.0.0-alpha.13',
230 silly addNameRange     '4.0.0-alpha.14', '4.0.0-beta.1',   '4.0.0-beta.2',   '4.0.0-beta.3',
230 silly addNameRange     '4.0.0-beta.4',   '4.0.0-beta.5',   '4.0.0-beta.6',   '3.4.0',
230 silly addNameRange     '3.4.1',          '3.4.2',          '3.4.3',          '4.0.0-beta.7',
230 silly addNameRange     ... 87 more items
230 silly addNameRange   ]
230 silly addNameRange ]
231 silly addNamed vue-router@4.5.1
232 verbose addNamed "4.5.1" is a plain semver version for vue-router
233 silly mapToRegistry name vue-router
234 silly mapToRegistry using default registry
235 silly mapToRegistry registry https://registry.npmjs.org/
236 silly mapToRegistry data Result {
236 silly mapToRegistry   raw: 'vue-router',
236 silly mapToRegistry   scope: null,
236 silly mapToRegistry   name: 'vue-router',
236 silly mapToRegistry   rawSpec: '',
236 silly mapToRegistry   spec: 'latest',
236 silly mapToRegistry   type: 'tag'
236 silly mapToRegistry }
237 silly mapToRegistry uri https://registry.npmjs.org/vue-router
238 verbose addRemoteTarball https://registry.npmjs.org/vue-router/-/vue-router-4.5.1.tgz not in flight; adding
239 verbose addRemoteTarball [
239 verbose addRemoteTarball   'https://registry.npmjs.org/vue-router/-/vue-router-4.5.1.tgz',
239 verbose addRemoteTarball   '47bffe2d3a5479d2886a9a244547a853aa0abf69'
239 verbose addRemoteTarball ]
240 info retry fetch attempt 1 at 16:33:17
241 info attempt registry request try #1 at 16:33:17
242 http fetch GET https://registry.npmjs.org/vue-router/-/vue-router-4.5.1.tgz
243 http 200 https://registry.npmjs.org/lodash-es
244 verbose headers {
244 verbose headers   date: 'Fri, 20 Jun 2025 08:33:16 GMT',
244 verbose headers   'content-type': 'application/json',
244 verbose headers   'transfer-encoding': 'chunked',
244 verbose headers   connection: 'keep-alive',
244 verbose headers   'cf-ray': '9529eba118e0fda3-SIN',
244 verbose headers   'cf-cache-status': 'HIT',
244 verbose headers   'access-control-allow-origin': '*',
244 verbose headers   age: '128',
244 verbose headers   'cache-control': 'public, max-age=300',
244 verbose headers   etag: 'W/"0bcd9e4408f4be279bca4beaf422b49d"',
244 verbose headers   'last-modified': 'Fri, 21 Jul 2023 15:33:08 GMT',
244 verbose headers   vary: 'accept-encoding, accept',
244 verbose headers   'set-cookie': [
244 verbose headers     '_cfuvid=fw8G3ZMBhLy4MlN1YC.fglHxQHTIoUvjc7DPtd_URQ4-1750408396995-0.0.1.1-604800000; path=/; domain=.npmjs.org; HttpOnly; Secure; SameSite=None'
244 verbose headers   ],
244 verbose headers   server: 'cloudflare',
244 verbose headers   'content-encoding': 'gzip'
244 verbose headers }
245 silly get cb [
245 silly get   200,
245 silly get   {
245 silly get     date: 'Fri, 20 Jun 2025 08:33:16 GMT',
245 silly get     'content-type': 'application/json',
245 silly get     'transfer-encoding': 'chunked',
245 silly get     connection: 'keep-alive',
245 silly get     'cf-ray': '9529eba118e0fda3-SIN',
245 silly get     'cf-cache-status': 'HIT',
245 silly get     'access-control-allow-origin': '*',
245 silly get     age: '128',
245 silly get     'cache-control': 'public, max-age=300',
245 silly get     etag: 'W/"0bcd9e4408f4be279bca4beaf422b49d"',
245 silly get     'last-modified': 'Fri, 21 Jul 2023 15:33:08 GMT',
245 silly get     vary: 'accept-encoding, accept',
245 silly get     'set-cookie': [
245 silly get       '_cfuvid=fw8G3ZMBhLy4MlN1YC.fglHxQHTIoUvjc7DPtd_URQ4-1750408396995-0.0.1.1-604800000; path=/; domain=.npmjs.org; HttpOnly; Secure; SameSite=None'
245 silly get     ],
245 silly get     server: 'cloudflare',
245 silly get     'content-encoding': 'gzip'
245 silly get   }
245 silly get ]
246 verbose get saving lodash-es to C:\Users\36527\AppData\Roaming\npm-cache\registry.npmjs.org\lodash-es\.cache.json
247 verbose correctMkdir C:\Users\36527\AppData\Roaming\npm-cache correctMkdir not in flight; initializing
248 verbose stack Error: Missing required argument #1
248 verbose stack     at andLogAndFinish (C:\Users\36527\AppData\Roaming\npm\node_modules\npm\lib\fetch-package-metadata.js:31:3)
248 verbose stack     at fetchPackageMetadata (C:\Users\36527\AppData\Roaming\npm\node_modules\npm\lib\fetch-package-metadata.js:51:22)
248 verbose stack     at resolveWithNewModule (C:\Users\36527\AppData\Roaming\npm\node_modules\npm\lib\install\deps.js:455:12)
248 verbose stack     at C:\Users\36527\AppData\Roaming\npm\node_modules\npm\lib\install\deps.js:456:7
248 verbose stack     at C:\Users\36527\AppData\Roaming\npm\node_modules\npm\node_modules\iferr\index.js:13:50
248 verbose stack     at C:\Users\36527\AppData\Roaming\npm\node_modules\npm\lib\fetch-package-metadata.js:37:12
248 verbose stack     at addRequestedAndFinish (C:\Users\36527\AppData\Roaming\npm\node_modules\npm\lib\fetch-package-metadata.js:82:5)
248 verbose stack     at returnAndAddMetadata (C:\Users\36527\AppData\Roaming\npm\node_modules\npm\lib\fetch-package-metadata.js:117:7)
248 verbose stack     at pickVersionFromRegistryDocument (C:\Users\36527\AppData\Roaming\npm\node_modules\npm\lib\fetch-package-metadata.js:134:20)
248 verbose stack     at C:\Users\36527\AppData\Roaming\npm\node_modules\npm\node_modules\iferr\index.js:13:50
249 verbose cwd C:\PycharmProjects\EasySight\web
250 error Windows_NT 10.0.19045
251 error argv "C:\\Program Files\\nodejs\\node.exe" "C:\\Users\\36527\\AppData\\Roaming\\npm\\node_modules\\npm\\bin\\npm-cli.js" "install"
252 error node v22.16.0
253 error npm  v3.8.6
254 error code EMISSINGARG
255 error typeerror Error: Missing required argument #1
255 error typeerror     at andLogAndFinish (C:\Users\36527\AppData\Roaming\npm\node_modules\npm\lib\fetch-package-metadata.js:31:3)
255 error typeerror     at fetchPackageMetadata (C:\Users\36527\AppData\Roaming\npm\node_modules\npm\lib\fetch-package-metadata.js:51:22)
255 error typeerror     at resolveWithNewModule (C:\Users\36527\AppData\Roaming\npm\node_modules\npm\lib\install\deps.js:455:12)
255 error typeerror     at C:\Users\36527\AppData\Roaming\npm\node_modules\npm\lib\install\deps.js:456:7
255 error typeerror     at C:\Users\36527\AppData\Roaming\npm\node_modules\npm\node_modules\iferr\index.js:13:50
255 error typeerror     at C:\Users\36527\AppData\Roaming\npm\node_modules\npm\lib\fetch-package-metadata.js:37:12
255 error typeerror     at addRequestedAndFinish (C:\Users\36527\AppData\Roaming\npm\node_modules\npm\lib\fetch-package-metadata.js:82:5)
255 error typeerror     at returnAndAddMetadata (C:\Users\36527\AppData\Roaming\npm\node_modules\npm\lib\fetch-package-metadata.js:117:7)
255 error typeerror     at pickVersionFromRegistryDocument (C:\Users\36527\AppData\Roaming\npm\node_modules\npm\lib\fetch-package-metadata.js:134:20)
255 error typeerror     at C:\Users\36527\AppData\Roaming\npm\node_modules\npm\node_modules\iferr\index.js:13:50
256 error typeerror This is an error with npm itself. Please report this error at:
256 error typeerror     <http://github.com/npm/npm/issues>
257 verbose exit [ 1, true ]
